<?xml version="1.0" encoding="UTF-8"?>
<!-- Generated by org.testng.reporters.JUnitReportReporter -->
<testsuite hostname="LP-PF1VPELT" failures="0" tests="4" name="quickstart.Tests.DemoTest" time="11.868" errors="0" timestamp="01 May 2021 17:53:30 GMT" skipped="0">
  <testcase classname="quickstart.Tests.DemoTest" name="GoogleSearch_automationScript" time="2.478"/>
  <testcase classname="quickstart.Tests.DemoTest" name="GoogleSearch_Facebook" time="2.861"/>
  <testcase classname="quickstart.Tests.DemoTest" name="GoogleSearch_LinkedIn" time="2.835"/>
  <testcase classname="quickstart.Tests.DemoTest" name="GoogleSearch_Twitter" time="3.694"/>
</testsuite> <!-- quickstart.Tests.DemoTest -->
